{"log":
 [{"message":
   ".> ELAN=elan ELAN_HOME=/home/runner/.elan ELAN_TOOLCHAIN=leanprover/lean4:v4.21.0-rc3 LAKE=/home/runner/.elan/toolchains/leanprover--lean4---v4.21.0-rc3/bin/lake LAKE_HOME=/home/runner/.elan/toolchains/leanprover--lean4---v4.21.0-rc3 LAKE_PKG_URL_MAP={} LEAN=/home/runner/.elan/toolchains/leanprover--lean4---v4.21.0-rc3/bin/lean LEAN_GITHASH=6741444a63eec253a7eae7a83f1beb3de015023d LEAN_SYSROOT=/home/runner/.elan/toolchains/leanprover--lean4---v4.21.0-rc3 LEAN_AR=/home/runner/.elan/toolchains/leanprover--lean4---v4.21.0-rc3/bin/llvm-ar LEAN_CC= LEAN_PATH=/home/runner/work/batteries/batteries/.lake/packages/MD4Lean/.lake/build/lib/lean:/home/runner/work/batteries/batteries/.lake/packages/BibtexQuery/.lake/build/lib/lean:/home/runner/work/batteries/batteries/.lake/packages/UnicodeBasic/.lake/build/lib/lean:/home/runner/work/batteries/batteries/.lake/packages/Cli/.lake/build/lib/lean:/home/runner/work/batteries/batteries/.lake/packages/doc-gen4/.lake/build/lib/lean:/home/runner/work/batteries/batteries/.lake/build/lib/lean:/home/runner/work/batteries/batteries/docs/lib/lean:/home/runner/.elan/toolchains/leanprover--lean4---v4.21.0-rc3/lib/lean LEAN_SRC_PATH=/home/runner/work/batteries/batteries/.lake/packages/MD4Lean:/home/runner/work/batteries/batteries/.lake/packages/MD4Lean:/home/runner/work/batteries/batteries/.lake/packages/BibtexQuery:/home/runner/work/batteries/batteries/.lake/packages/UnicodeBasic:/home/runner/work/batteries/batteries/.lake/packages/UnicodeBasic:/home/runner/work/batteries/batteries/.lake/packages/Cli:/home/runner/work/batteries/batteries/.lake/packages/doc-gen4:/home/runner/work/batteries/batteries:/home/runner/work/batteries/batteries:/home/runner/.elan/toolchains/leanprover--lean4---v4.21.0-rc3/src/lean/lake PATH LD_LIBRARY_PATH=/home/runner/.elan/toolchains/leanprover--lean4---v4.21.0-rc3/lib/lean:/home/runner/.elan/toolchains/leanprover--lean4---v4.21.0-rc3/lib:/home/runner/work/batteries/batteries/docs/lib:/home/runner/work/batteries/batteries/.lake/build/lib:/home/runner/work/batteries/batteries/.lake/packages/doc-gen4/.lake/build/lib:/home/runner/work/batteries/batteries/.lake/packages/Cli/.lake/build/lib:/home/runner/work/batteries/batteries/.lake/packages/UnicodeBasic/.lake/build/lib:/home/runner/work/batteries/batteries/.lake/packages/BibtexQuery/.lake/build/lib:/home/runner/work/batteries/batteries/.lake/packages/MD4Lean/.lake/build/lib /home/runner/work/batteries/batteries/.lake/packages/doc-gen4/.lake/build/bin/doc-gen4 single --build /home/runner/work/batteries/batteries/docs Batteries.Tactic.Lint https://github.com/leanprover-community/batteries/blob/d12fdadd81cb96980327cc02587fc14dea65a6e0/Batteries/Tactic/Lint.lean",
   "level": "trace"}],
 "inputs":
 [["<collection>",
   [["/home/runner/work/batteries/batteries/docs/doc/Batteries/Tactic/Lint/Misc.html",
     "9431777039226232544"],
    ["/home/runner/work/batteries/batteries/docs/doc/Batteries/Tactic/Lint/Simp.html",
     "15066428011151488004"],
    ["/home/runner/work/batteries/batteries/docs/doc/Batteries/Tactic/Lint/TypeClass.html",
     "17414466219225845101"],
    ["/home/runner/work/batteries/batteries/docs/doc/Batteries/Tactic/Lint/Frontend.html",
     "8437789363071115831"]]],
  ["/home/runner/work/batteries/batteries/docs/doc-data/references.json",
   "11893762902049086281"],
  ["/home/runner/work/batteries/batteries/.lake/packages/doc-gen4/.lake/build/bin/doc-gen4",
   "16730276077459704368"],
  ["Batteries.Tactic.Lint:leanArts", "12828300810872840336"]],
 "depHash": "14695927087377608847"}