{"synthetic": false,
 "schemaVersion": "2025-09-10",
 "outputs": null,
 "log":
 [{"message":
   ".> ELAN=elan ELAN_HOME=/home/runner/.elan ELAN_TOOLCHAIN=leanprover/lean4:v4.29.0-rc6 LAKE=/home/runner/.elan/toolchains/leanprover--lean4---v4.29.0-rc6/bin/lake LAKE_HOME=/home/runner/.elan/toolchains/leanprover--lean4---v4.29.0-rc6 LAKE_CONFIG=/home/runner/.lake/config.toml LAKE_PKG_URL_MAP={} LAKE_NO_CACHE=false LAKE_CACHE_KEY= LAKE_CACHE_ARTIFACT_ENDPOINT= LAKE_CACHE_REVISION_ENDPOINT= LAKE_CACHE_SERVICE= LEAN=/home/runner/.elan/toolchains/leanprover--lean4---v4.29.0-rc6/bin/lean LEAN_SYSROOT=/home/runner/.elan/toolchains/leanprover--lean4---v4.29.0-rc6 LEAN_AR=/home/runner/.elan/toolchains/leanprover--lean4---v4.29.0-rc6/bin/llvm-ar LEAN_CC= LAKE_CACHE_DIR=/home/runner/.elan/toolchains/leanprover--lean4---v4.29.0-rc6/lake/cache LAKE_ARTIFACT_CACHE= LEAN_PATH=/home/runner/work/batteries/batteries/.lake/packages/plausible/.lake/build/lib/lean:/home/runner/work/batteries/batteries/.lake/packages/MD4Lean/.lake/build/lib/lean:/home/runner/work/batteries/batteries/.lake/packages/BibtexQuery/.lake/build/lib/lean:/home/runner/work/batteries/batteries/.lake/packages/UnicodeBasic/.lake/build/lib/lean:/home/runner/work/batteries/batteries/.lake/packages/Cli/.lake/build/lib/lean:/home/runner/work/batteries/batteries/.lake/packages/leansqlite/.lake/build/lib/lean:/home/runner/work/batteries/batteries/.lake/packages/doc-gen4/.lake/build/lib/lean:/home/runner/work/batteries/batteries/.lake/build/lib/lean:/home/runner/work/batteries/batteries/docs/lib/lean:/home/runner/.elan/toolchains/leanprover--lean4---v4.29.0-rc6/lib/lean LEAN_SRC_PATH=/home/runner/work/batteries/batteries/.lake/packages/plausible:/home/runner/work/batteries/batteries/.lake/packages/plausible:/home/runner/work/batteries/batteries/.lake/packages/MD4Lean:/home/runner/work/batteries/batteries/.lake/packages/MD4Lean:/home/runner/work/batteries/batteries/.lake/packages/BibtexQuery:/home/runner/work/batteries/batteries/.lake/packages/UnicodeBasic:/home/runner/work/batteries/batteries/.lake/packages/UnicodeBasic:/home/runner/work/batteries/batteries/.lake/packages/Cli:/home/runner/work/batteries/batteries/.lake/packages/Cli:/home/runner/work/batteries/batteries/.lake/packages/leansqlite:/home/runner/work/batteries/batteries/.lake/packages/leansqlite:/home/runner/work/batteries/batteries/.lake/packages/doc-gen4:/home/runner/work/batteries/batteries:/home/runner/work/batteries/batteries:/home/runner/.elan/toolchains/leanprover--lean4---v4.29.0-rc6/src/lean/lake LEAN_GITHASH=00659f8e6071d7e46131ed643bf8003b99b044e9 PATH LD_LIBRARY_PATH=/home/runner/.elan/toolchains/leanprover--lean4---v4.29.0-rc6/lib/lean:/home/runner/.elan/toolchains/leanprover--lean4---v4.29.0-rc6/lib:/home/runner/work/batteries/batteries/docs/lib:/home/runner/work/batteries/batteries/.lake/build/lib:/home/runner/work/batteries/batteries/.lake/packages/doc-gen4/.lake/build/lib:/home/runner/work/batteries/batteries/.lake/packages/leansqlite/.lake/build/lib:/home/runner/work/batteries/batteries/.lake/packages/Cli/.lake/build/lib:/home/runner/work/batteries/batteries/.lake/packages/UnicodeBasic/.lake/build/lib:/home/runner/work/batteries/batteries/.lake/packages/BibtexQuery/.lake/build/lib:/home/runner/work/batteries/batteries/.lake/packages/MD4Lean/.lake/build/lib:/home/runner/work/batteries/batteries/.lake/packages/plausible/.lake/build/lib /home/runner/work/batteries/batteries/.lake/packages/doc-gen4/.lake/build/bin/doc-gen4 single --build /home/runner/work/batteries/batteries/docs Batteries api-docs.db https://github.com/leanprover-community/batteries/blob/87f6314ff2cc922489cd73cd0fbc2252f39aa153/Batteries.lean",
   "level": "trace"}],
 "inputs":
 [["<nil>", "e0ef540168b1a2cd"],
  ["<collection>",
   [["/home/runner/work/batteries/batteries/docs/doc-data/Batteries.Classes.Cast.doc",
     "21c42906adea99f5"],
    ["/home/runner/work/batteries/batteries/docs/doc-data/Batteries.Classes.Deprecated.doc",
     "21c42906adea99f5"],
    ["/home/runner/work/batteries/batteries/docs/doc-data/Batteries.Classes.Order.doc",
     "21c42906adea99f5"],
    ["/home/runner/work/batteries/batteries/docs/doc-data/Batteries.Classes.RatCast.doc",
     "21c42906adea99f5"],
    ["/home/runner/work/batteries/batteries/docs/doc-data/Batteries.Classes.SatisfiesM.doc",
     "21c42906adea99f5"],
    ["/home/runner/work/batteries/batteries/docs/doc-data/Batteries.CodeAction.doc",
     "21c42906adea99f5"],
    ["/home/runner/work/batteries/batteries/docs/doc-data/Batteries.CodeAction.Attr.doc",
     "21c42906adea99f5"],
    ["/home/runner/work/batteries/batteries/docs/doc-data/Batteries.CodeAction.Basic.doc",
     "21c42906adea99f5"],
    ["/home/runner/work/batteries/batteries/docs/doc-data/Batteries.CodeAction.Deprecated.doc",
     "21c42906adea99f5"],
    ["/home/runner/work/batteries/batteries/docs/doc-data/Batteries.CodeAction.Match.doc",
     "21c42906adea99f5"],
    ["/home/runner/work/batteries/batteries/docs/doc-data/Batteries.CodeAction.Misc.doc",
     "21c42906adea99f5"],
    ["/home/runner/work/batteries/batteries/docs/doc-data/Batteries.Control.AlternativeMonad.doc",
     "21c42906adea99f5"],
    ["/home/runner/work/batteries/batteries/docs/doc-data/Batteries.Control.ForInStep.doc",
     "21c42906adea99f5"],
    ["/home/runner/work/batteries/batteries/docs/doc-data/Batteries.Control.ForInStep.Basic.doc",
     "21c42906adea99f5"],
    ["/home/runner/work/batteries/batteries/docs/doc-data/Batteries.Control.ForInStep.Lemmas.doc",
     "21c42906adea99f5"],
    ["/home/runner/work/batteries/batteries/docs/doc-data/Batteries.Control.LawfulMonadState.doc",
     "21c42906adea99f5"],
    ["/home/runner/work/batteries/batteries/docs/doc-data/Batteries.Control.Lemmas.doc",
     "21c42906adea99f5"],
    ["/home/runner/work/batteries/batteries/docs/doc-data/Batteries.Control.Monad.doc",
     "21c42906adea99f5"],
    ["/home/runner/work/batteries/batteries/docs/doc-data/Batteries.Control.Nondet.Basic.doc",
     "21c42906adea99f5"],
    ["/home/runner/work/batteries/batteries/docs/doc-data/Batteries.Control.OptionT.doc",
     "21c42906adea99f5"],
    ["/home/runner/work/batteries/batteries/docs/doc-data/Batteries.Data.Array.doc",
     "21c42906adea99f5"],
    ["/home/runner/work/batteries/batteries/docs/doc-data/Batteries.Data.AssocList.doc",
     "21c42906adea99f5"],
    ["/home/runner/work/batteries/batteries/docs/doc-data/Batteries.Data.Bool.doc",
     "21c42906adea99f5"],
    ["/home/runner/work/batteries/batteries/docs/doc-data/Batteries.Data.BinaryHeap.doc",
     "21c42906adea99f5"],
    ["/home/runner/work/batteries/batteries/docs/doc-data/Batteries.Data.BinomialHeap.doc",
     "21c42906adea99f5"],
    ["/home/runner/work/batteries/batteries/docs/doc-data/Batteries.Data.BitVec.doc",
     "21c42906adea99f5"],
    ["/home/runner/work/batteries/batteries/docs/doc-data/Batteries.Data.ByteArray.doc",
     "21c42906adea99f5"],
    ["/home/runner/work/batteries/batteries/docs/doc-data/Batteries.Data.ByteSlice.doc",
     "21c42906adea99f5"],
    ["/home/runner/work/batteries/batteries/docs/doc-data/Batteries.Data.Char.doc",
     "21c42906adea99f5"],
    ["/home/runner/work/batteries/batteries/docs/doc-data/Batteries.Data.DList.doc",
     "21c42906adea99f5"],
    ["/home/runner/work/batteries/batteries/docs/doc-data/Batteries.Data.Fin.doc",
     "21c42906adea99f5"],
    ["/home/runner/work/batteries/batteries/docs/doc-data/Batteries.Data.FloatArray.doc",
     "21c42906adea99f5"],
    ["/home/runner/work/batteries/batteries/docs/doc-data/Batteries.Data.HashMap.doc",
     "21c42906adea99f5"],
    ["/home/runner/work/batteries/batteries/docs/doc-data/Batteries.Data.Int.doc",
     "21c42906adea99f5"],
    ["/home/runner/work/batteries/batteries/docs/doc-data/Batteries.Data.List.doc",
     "21c42906adea99f5"],
    ["/home/runner/work/batteries/batteries/docs/doc-data/Batteries.Data.MLList.doc",
     "21c42906adea99f5"],
    ["/home/runner/work/batteries/batteries/docs/doc-data/Batteries.Data.NameSet.doc",
     "21c42906adea99f5"],
    ["/home/runner/work/batteries/batteries/docs/doc-data/Batteries.Data.Nat.doc",
     "21c42906adea99f5"],
    ["/home/runner/work/batteries/batteries/docs/doc-data/Batteries.Data.PairingHeap.doc",
     "21c42906adea99f5"],
    ["/home/runner/work/batteries/batteries/docs/doc-data/Batteries.Data.RBMap.doc",
     "21c42906adea99f5"],
    ["/home/runner/work/batteries/batteries/docs/doc-data/Batteries.Data.Random.doc",
     "21c42906adea99f5"],
    ["/home/runner/work/batteries/batteries/docs/doc-data/Batteries.Data.Range.doc",
     "21c42906adea99f5"],
    ["/home/runner/work/batteries/batteries/docs/doc-data/Batteries.Data.Rat.doc",
     "21c42906adea99f5"],
    ["/home/runner/work/batteries/batteries/docs/doc-data/Batteries.Data.RunningStats.doc",
     "21c42906adea99f5"],
    ["/home/runner/work/batteries/batteries/docs/doc-data/Batteries.Data.Stream.doc",
     "21c42906adea99f5"],
    ["/home/runner/work/batteries/batteries/docs/doc-data/Batteries.Data.String.doc",
     "21c42906adea99f5"],
    ["/home/runner/work/batteries/batteries/docs/doc-data/Batteries.Data.UInt.doc",
     "21c42906adea99f5"],
    ["/home/runner/work/batteries/batteries/docs/doc-data/Batteries.Data.UnionFind.doc",
     "21c42906adea99f5"],
    ["/home/runner/work/batteries/batteries/docs/doc-data/Batteries.Data.Vector.doc",
     "21c42906adea99f5"],
    ["/home/runner/work/batteries/batteries/docs/doc-data/Batteries.Lean.AttributeExtra.doc",
     "21c42906adea99f5"],
    ["/home/runner/work/batteries/batteries/docs/doc-data/Batteries.Lean.EStateM.doc",
     "21c42906adea99f5"],
    ["/home/runner/work/batteries/batteries/docs/doc-data/Batteries.Lean.Except.doc",
     "21c42906adea99f5"],
    ["/home/runner/work/batteries/batteries/docs/doc-data/Batteries.Lean.Expr.doc",
     "21c42906adea99f5"],
    ["/home/runner/work/batteries/batteries/docs/doc-data/Batteries.Lean.Float.doc",
     "21c42906adea99f5"],
    ["/home/runner/work/batteries/batteries/docs/doc-data/Batteries.Lean.HashMap.doc",
     "21c42906adea99f5"],
    ["/home/runner/work/batteries/batteries/docs/doc-data/Batteries.Lean.HashSet.doc",
     "21c42906adea99f5"],
    ["/home/runner/work/batteries/batteries/docs/doc-data/Batteries.Lean.IO.Process.doc",
     "21c42906adea99f5"],
    ["/home/runner/work/batteries/batteries/docs/doc-data/Batteries.Lean.Json.doc",
     "21c42906adea99f5"],
    ["/home/runner/work/batteries/batteries/docs/doc-data/Batteries.Lean.LawfulMonad.doc",
     "21c42906adea99f5"],
    ["/home/runner/work/batteries/batteries/docs/doc-data/Batteries.Lean.LawfulMonadLift.doc",
     "21c42906adea99f5"],
    ["/home/runner/work/batteries/batteries/docs/doc-data/Batteries.Lean.Meta.Basic.doc",
     "21c42906adea99f5"],
    ["/home/runner/work/batteries/batteries/docs/doc-data/Batteries.Lean.Meta.DiscrTree.doc",
     "21c42906adea99f5"],
    ["/home/runner/work/batteries/batteries/docs/doc-data/Batteries.Lean.Meta.Expr.doc",
     "21c42906adea99f5"],
    ["/home/runner/work/batteries/batteries/docs/doc-data/Batteries.Lean.Meta.Inaccessible.doc",
     "21c42906adea99f5"],
    ["/home/runner/work/batteries/batteries/docs/doc-data/Batteries.Lean.Meta.InstantiateMVars.doc",
     "21c42906adea99f5"],
    ["/home/runner/work/batteries/batteries/docs/doc-data/Batteries.Lean.Meta.SavedState.doc",
     "21c42906adea99f5"],
    ["/home/runner/work/batteries/batteries/docs/doc-data/Batteries.Lean.Meta.Simp.doc",
     "21c42906adea99f5"],
    ["/home/runner/work/batteries/batteries/docs/doc-data/Batteries.Lean.Meta.UnusedNames.doc",
     "21c42906adea99f5"],
    ["/home/runner/work/batteries/batteries/docs/doc-data/Batteries.Lean.MonadBacktrack.doc",
     "21c42906adea99f5"],
    ["/home/runner/work/batteries/batteries/docs/doc-data/Batteries.Lean.NameMapAttribute.doc",
     "21c42906adea99f5"],
    ["/home/runner/work/batteries/batteries/docs/doc-data/Batteries.Lean.PersistentHashMap.doc",
     "21c42906adea99f5"],
    ["/home/runner/work/batteries/batteries/docs/doc-data/Batteries.Lean.PersistentHashSet.doc",
     "21c42906adea99f5"],
    ["/home/runner/work/batteries/batteries/docs/doc-data/Batteries.Lean.Position.doc",
     "21c42906adea99f5"],
    ["/home/runner/work/batteries/batteries/docs/doc-data/Batteries.Lean.SatisfiesM.doc",
     "21c42906adea99f5"],
    ["/home/runner/work/batteries/batteries/docs/doc-data/Batteries.Lean.Syntax.doc",
     "21c42906adea99f5"],
    ["/home/runner/work/batteries/batteries/docs/doc-data/Batteries.Lean.System.IO.doc",
     "21c42906adea99f5"],
    ["/home/runner/work/batteries/batteries/docs/doc-data/Batteries.Lean.TagAttribute.doc",
     "21c42906adea99f5"],
    ["/home/runner/work/batteries/batteries/docs/doc-data/Batteries.Lean.Util.EnvSearch.doc",
     "21c42906adea99f5"],
    ["/home/runner/work/batteries/batteries/docs/doc-data/Batteries.Linter.doc",
     "21c42906adea99f5"],
    ["/home/runner/work/batteries/batteries/docs/doc-data/Batteries.Linter.UnnecessarySeqFocus.doc",
     "21c42906adea99f5"],
    ["/home/runner/work/batteries/batteries/docs/doc-data/Batteries.Linter.UnreachableTactic.doc",
     "21c42906adea99f5"],
    ["/home/runner/work/batteries/batteries/docs/doc-data/Batteries.Logic.doc",
     "21c42906adea99f5"],
    ["/home/runner/work/batteries/batteries/docs/doc-data/Batteries.Tactic.Alias.doc",
     "21c42906adea99f5"],
    ["/home/runner/work/batteries/batteries/docs/doc-data/Batteries.Tactic.Basic.doc",
     "21c42906adea99f5"],
    ["/home/runner/work/batteries/batteries/docs/doc-data/Batteries.Tactic.Case.doc",
     "21c42906adea99f5"],
    ["/home/runner/work/batteries/batteries/docs/doc-data/Batteries.Tactic.Congr.doc",
     "21c42906adea99f5"],
    ["/home/runner/work/batteries/batteries/docs/doc-data/Batteries.Tactic.Exact.doc",
     "21c42906adea99f5"],
    ["/home/runner/work/batteries/batteries/docs/doc-data/Batteries.Tactic.GeneralizeProofs.doc",
     "21c42906adea99f5"],
    ["/home/runner/work/batteries/batteries/docs/doc-data/Batteries.Tactic.HelpCmd.doc",
     "21c42906adea99f5"],
    ["/home/runner/work/batteries/batteries/docs/doc-data/Batteries.Tactic.Init.doc",
     "21c42906adea99f5"],
    ["/home/runner/work/batteries/batteries/docs/doc-data/Batteries.Tactic.Instances.doc",
     "21c42906adea99f5"],
    ["/home/runner/work/batteries/batteries/docs/doc-data/Batteries.Tactic.Lemma.doc",
     "21c42906adea99f5"],
    ["/home/runner/work/batteries/batteries/docs/doc-data/Batteries.Tactic.Lint.doc",
     "21c42906adea99f5"],
    ["/home/runner/work/batteries/batteries/docs/doc-data/Batteries.Tactic.Lint.Basic.doc",
     "21c42906adea99f5"],
    ["/home/runner/work/batteries/batteries/docs/doc-data/Batteries.Tactic.Lint.Frontend.doc",
     "21c42906adea99f5"],
    ["/home/runner/work/batteries/batteries/docs/doc-data/Batteries.Tactic.Lint.Misc.doc",
     "21c42906adea99f5"],
    ["/home/runner/work/batteries/batteries/docs/doc-data/Batteries.Tactic.Lint.Simp.doc",
     "21c42906adea99f5"],
    ["/home/runner/work/batteries/batteries/docs/doc-data/Batteries.Tactic.Lint.TypeClass.doc",
     "21c42906adea99f5"],
    ["/home/runner/work/batteries/batteries/docs/doc-data/Batteries.Tactic.NoMatch.doc",
     "21c42906adea99f5"],
    ["/home/runner/work/batteries/batteries/docs/doc-data/Batteries.Tactic.OpenPrivate.doc",
     "21c42906adea99f5"],
    ["/home/runner/work/batteries/batteries/docs/doc-data/Batteries.Tactic.PermuteGoals.doc",
     "21c42906adea99f5"],
    ["/home/runner/work/batteries/batteries/docs/doc-data/Batteries.Tactic.PrintDependents.doc",
     "21c42906adea99f5"],
    ["/home/runner/work/batteries/batteries/docs/doc-data/Batteries.Tactic.PrintOpaques.doc",
     "21c42906adea99f5"],
    ["/home/runner/work/batteries/batteries/docs/doc-data/Batteries.Tactic.PrintPrefix.doc",
     "21c42906adea99f5"],
    ["/home/runner/work/batteries/batteries/docs/doc-data/Batteries.Tactic.SeqFocus.doc",
     "21c42906adea99f5"],
    ["/home/runner/work/batteries/batteries/docs/doc-data/Batteries.Tactic.ShowUnused.doc",
     "21c42906adea99f5"],
    ["/home/runner/work/batteries/batteries/docs/doc-data/Batteries.Tactic.SqueezeScope.doc",
     "21c42906adea99f5"],
    ["/home/runner/work/batteries/batteries/docs/doc-data/Batteries.Tactic.Trans.doc",
     "21c42906adea99f5"],
    ["/home/runner/work/batteries/batteries/docs/doc-data/Batteries.Tactic.Unreachable.doc",
     "21c42906adea99f5"],
    ["/home/runner/work/batteries/batteries/docs/doc-data/Batteries.Util.Cache.doc",
     "21c42906adea99f5"],
    ["/home/runner/work/batteries/batteries/docs/doc-data/Batteries.Util.ExtendedBinder.doc",
     "21c42906adea99f5"],
    ["/home/runner/work/batteries/batteries/docs/doc-data/Batteries.Util.LibraryNote.doc",
     "21c42906adea99f5"],
    ["/home/runner/work/batteries/batteries/docs/doc-data/Batteries.Util.Panic.doc",
     "21c42906adea99f5"],
    ["/home/runner/work/batteries/batteries/docs/doc-data/Batteries.Util.Pickle.doc",
     "21c42906adea99f5"],
    ["/home/runner/work/batteries/batteries/docs/doc-data/Batteries.Util.ProofWanted.doc",
     "21c42906adea99f5"]]],
  ["/home/runner/work/batteries/batteries/docs/doc-data/references.json",
   "16fb262bc340d332"],
  ["/home/runner/work/batteries/batteries/.lake/packages/doc-gen4/.lake/build/bin/doc-gen4",
   "830870dc0e47b062"],
  ["Batteries:leanArts", "2d61e5369e15764d"]],
 "depHash": "4e633c9973bad91e"}