{"synthetic": false,
 "schemaVersion": "2025-09-10",
 "outputs": null,
 "log":
 [{"message":
   ".> ELAN=elan ELAN_HOME=/home/runner/.elan ELAN_TOOLCHAIN=leanprover/lean4:v4.25.0 LAKE=/home/runner/.elan/toolchains/leanprover--lean4---v4.25.0/bin/lake LAKE_HOME=/home/runner/.elan/toolchains/leanprover--lean4---v4.25.0 LAKE_PKG_URL_MAP={} LAKE_NO_CACHE=false LAKE_ARTIFACT_CACHE=false LAKE_CACHE_KEY= LAKE_CACHE_ARTIFACT_ENDPOINT= LAKE_CACHE_REVISION_ENDPOINT= LEAN=/home/runner/.elan/toolchains/leanprover--lean4---v4.25.0/bin/lean LEAN_SYSROOT=/home/runner/.elan/toolchains/leanprover--lean4---v4.25.0 LEAN_AR=/home/runner/.elan/toolchains/leanprover--lean4---v4.25.0/bin/llvm-ar LEAN_CC= LAKE_CACHE_DIR=/home/runner/.elan/toolchains/leanprover--lean4---v4.25.0/lake/cache LEAN_PATH=/home/runner/work/batteries/batteries/.lake/packages/MD4Lean/.lake/build/lib/lean:/home/runner/work/batteries/batteries/.lake/packages/BibtexQuery/.lake/build/lib/lean:/home/runner/work/batteries/batteries/.lake/packages/UnicodeBasic/.lake/build/lib/lean:/home/runner/work/batteries/batteries/.lake/packages/Cli/.lake/build/lib/lean:/home/runner/work/batteries/batteries/.lake/packages/doc-gen4/.lake/build/lib/lean:/home/runner/work/batteries/batteries/.lake/build/lib/lean:/home/runner/work/batteries/batteries/docs/lib/lean:/home/runner/.elan/toolchains/leanprover--lean4---v4.25.0/lib/lean LEAN_SRC_PATH=/home/runner/work/batteries/batteries/.lake/packages/MD4Lean:/home/runner/work/batteries/batteries/.lake/packages/MD4Lean:/home/runner/work/batteries/batteries/.lake/packages/BibtexQuery:/home/runner/work/batteries/batteries/.lake/packages/UnicodeBasic:/home/runner/work/batteries/batteries/.lake/packages/UnicodeBasic:/home/runner/work/batteries/batteries/.lake/packages/Cli:/home/runner/work/batteries/batteries/.lake/packages/Cli:/home/runner/work/batteries/batteries/.lake/packages/doc-gen4:/home/runner/work/batteries/batteries:/home/runner/work/batteries/batteries:/home/runner/.elan/toolchains/leanprover--lean4---v4.25.0/src/lean/lake LEAN_GITHASH=cdd38ac5115bdeec5f609e9126cce00f51ae88b3 PATH LD_LIBRARY_PATH=/home/runner/.elan/toolchains/leanprover--lean4---v4.25.0/lib/lean:/home/runner/.elan/toolchains/leanprover--lean4---v4.25.0/lib:/home/runner/work/batteries/batteries/docs/lib:/home/runner/work/batteries/batteries/.lake/build/lib:/home/runner/work/batteries/batteries/.lake/packages/doc-gen4/.lake/build/lib:/home/runner/work/batteries/batteries/.lake/packages/Cli/.lake/build/lib:/home/runner/work/batteries/batteries/.lake/packages/UnicodeBasic/.lake/build/lib:/home/runner/work/batteries/batteries/.lake/packages/BibtexQuery/.lake/build/lib:/home/runner/work/batteries/batteries/.lake/packages/MD4Lean/.lake/build/lib /home/runner/work/batteries/batteries/.lake/packages/doc-gen4/.lake/build/bin/doc-gen4 single --build /home/runner/work/batteries/batteries/docs Batteries https://github.com/leanprover-community/batteries/blob/7b346ae32fa3752c1c484082b6ba91903efbe215/Batteries.lean",
   "level": "trace"}],
 "inputs":
 [["<collection>",
   [["/home/runner/work/batteries/batteries/docs/doc/Batteries/Classes/Cast.html",
     "794812cfc8f171c7"],
    ["/home/runner/work/batteries/batteries/docs/doc/Batteries/Classes/Deprecated.html",
     "01a4d7eff3ca2079"],
    ["/home/runner/work/batteries/batteries/docs/doc/Batteries/Classes/Order.html",
     "0c54d11fe937f698"],
    ["/home/runner/work/batteries/batteries/docs/doc/Batteries/Classes/RatCast.html",
     "49aaa98aa25e90aa"],
    ["/home/runner/work/batteries/batteries/docs/doc/Batteries/Classes/SatisfiesM.html",
     "b9b5a8d9123a2c0a"],
    ["/home/runner/work/batteries/batteries/docs/doc/Batteries/CodeAction.html",
     "134e37a985b4edf0"],
    ["/home/runner/work/batteries/batteries/docs/doc/Batteries/CodeAction/Attr.html",
     "82d0d378cae78a58"],
    ["/home/runner/work/batteries/batteries/docs/doc/Batteries/CodeAction/Basic.html",
     "8ab36f5e323c000f"],
    ["/home/runner/work/batteries/batteries/docs/doc/Batteries/CodeAction/Deprecated.html",
     "22eca45964f81e0a"],
    ["/home/runner/work/batteries/batteries/docs/doc/Batteries/CodeAction/Match.html",
     "ff89f06a07490b17"],
    ["/home/runner/work/batteries/batteries/docs/doc/Batteries/CodeAction/Misc.html",
     "82b8ad0305d82ec4"],
    ["/home/runner/work/batteries/batteries/docs/doc/Batteries/Control/AlternativeMonad.html",
     "87bb6b49478dac8d"],
    ["/home/runner/work/batteries/batteries/docs/doc/Batteries/Control/ForInStep.html",
     "77b94f9843b80b55"],
    ["/home/runner/work/batteries/batteries/docs/doc/Batteries/Control/ForInStep/Basic.html",
     "e9ed4f490b40343b"],
    ["/home/runner/work/batteries/batteries/docs/doc/Batteries/Control/ForInStep/Lemmas.html",
     "bd54a8f0f0149ef2"],
    ["/home/runner/work/batteries/batteries/docs/doc/Batteries/Control/LawfulMonadState.html",
     "890f0439defcabe1"],
    ["/home/runner/work/batteries/batteries/docs/doc/Batteries/Control/Lemmas.html",
     "1095f6f2884812ad"],
    ["/home/runner/work/batteries/batteries/docs/doc/Batteries/Control/Monad.html",
     "5da7993d55ca7fbf"],
    ["/home/runner/work/batteries/batteries/docs/doc/Batteries/Control/Nondet/Basic.html",
     "0e0c7ff41da8b073"],
    ["/home/runner/work/batteries/batteries/docs/doc/Batteries/Control/OptionT.html",
     "10fda89f19bbccf7"],
    ["/home/runner/work/batteries/batteries/docs/doc/Batteries/Data/Array.html",
     "64f8ef9ae9326cbd"],
    ["/home/runner/work/batteries/batteries/docs/doc/Batteries/Data/AssocList.html",
     "5c6a8867645e8308"],
    ["/home/runner/work/batteries/batteries/docs/doc/Batteries/Data/BinaryHeap.html",
     "b3cda70ccb0366ef"],
    ["/home/runner/work/batteries/batteries/docs/doc/Batteries/Data/BinomialHeap.html",
     "238479e31c07e38b"],
    ["/home/runner/work/batteries/batteries/docs/doc/Batteries/Data/BitVec.html",
     "a4a09bdd90999663"],
    ["/home/runner/work/batteries/batteries/docs/doc/Batteries/Data/ByteArray.html",
     "5b8a3fe5a6db31d9"],
    ["/home/runner/work/batteries/batteries/docs/doc/Batteries/Data/ByteSlice.html",
     "ce974d663d6fb746"],
    ["/home/runner/work/batteries/batteries/docs/doc/Batteries/Data/Char.html",
     "695aafd6292dd1ff"],
    ["/home/runner/work/batteries/batteries/docs/doc/Batteries/Data/DList.html",
     "34773c0aa7bbc672"],
    ["/home/runner/work/batteries/batteries/docs/doc/Batteries/Data/Fin.html",
     "ab4b51a1196f573b"],
    ["/home/runner/work/batteries/batteries/docs/doc/Batteries/Data/FloatArray.html",
     "9b0728d988cee83a"],
    ["/home/runner/work/batteries/batteries/docs/doc/Batteries/Data/HashMap.html",
     "3d1efbe12fe76e10"],
    ["/home/runner/work/batteries/batteries/docs/doc/Batteries/Data/Int.html",
     "a0ed49f2c9732c30"],
    ["/home/runner/work/batteries/batteries/docs/doc/Batteries/Data/List.html",
     "b0548404221f3eec"],
    ["/home/runner/work/batteries/batteries/docs/doc/Batteries/Data/MLList.html",
     "a1677055997358e4"],
    ["/home/runner/work/batteries/batteries/docs/doc/Batteries/Data/NameSet.html",
     "efc6c026a14ed255"],
    ["/home/runner/work/batteries/batteries/docs/doc/Batteries/Data/Nat.html",
     "e3ee05cf62914ab3"],
    ["/home/runner/work/batteries/batteries/docs/doc/Batteries/Data/PairingHeap.html",
     "ef11ddb6aadf5b52"],
    ["/home/runner/work/batteries/batteries/docs/doc/Batteries/Data/RBMap.html",
     "f6768471508c8d2d"],
    ["/home/runner/work/batteries/batteries/docs/doc/Batteries/Data/Random.html",
     "9f69aefa387e211a"],
    ["/home/runner/work/batteries/batteries/docs/doc/Batteries/Data/Range.html",
     "18df03365f9569c0"],
    ["/home/runner/work/batteries/batteries/docs/doc/Batteries/Data/Rat.html",
     "c08706bdaad0d891"],
    ["/home/runner/work/batteries/batteries/docs/doc/Batteries/Data/Stream.html",
     "3b28f5309c37a08a"],
    ["/home/runner/work/batteries/batteries/docs/doc/Batteries/Data/String.html",
     "f1648e149c912d8f"],
    ["/home/runner/work/batteries/batteries/docs/doc/Batteries/Data/UInt.html",
     "332fec5f6f08886e"],
    ["/home/runner/work/batteries/batteries/docs/doc/Batteries/Data/UnionFind.html",
     "f4fe9961e622ca5c"],
    ["/home/runner/work/batteries/batteries/docs/doc/Batteries/Data/Vector.html",
     "94e14dad3be77449"],
    ["/home/runner/work/batteries/batteries/docs/doc/Batteries/Lean/AttributeExtra.html",
     "25f8da76313470d6"],
    ["/home/runner/work/batteries/batteries/docs/doc/Batteries/Lean/EStateM.html",
     "7ecc6c7edfdf1df8"],
    ["/home/runner/work/batteries/batteries/docs/doc/Batteries/Lean/Except.html",
     "cc7a705b85c052bf"],
    ["/home/runner/work/batteries/batteries/docs/doc/Batteries/Lean/Expr.html",
     "ede9f2eaa6f3b023"],
    ["/home/runner/work/batteries/batteries/docs/doc/Batteries/Lean/Float.html",
     "dd9426f0324ac331"],
    ["/home/runner/work/batteries/batteries/docs/doc/Batteries/Lean/HashMap.html",
     "d1578335c3fcae46"],
    ["/home/runner/work/batteries/batteries/docs/doc/Batteries/Lean/HashSet.html",
     "f5a8f6356662d465"],
    ["/home/runner/work/batteries/batteries/docs/doc/Batteries/Lean/IO/Process.html",
     "c09e97f6c04a91e5"],
    ["/home/runner/work/batteries/batteries/docs/doc/Batteries/Lean/Json.html",
     "ea135672e4ca6f28"],
    ["/home/runner/work/batteries/batteries/docs/doc/Batteries/Lean/LawfulMonad.html",
     "467633d47f2be399"],
    ["/home/runner/work/batteries/batteries/docs/doc/Batteries/Lean/LawfulMonadLift.html",
     "e7e37f06cbe21395"],
    ["/home/runner/work/batteries/batteries/docs/doc/Batteries/Lean/Meta/Basic.html",
     "15595891595fb3cc"],
    ["/home/runner/work/batteries/batteries/docs/doc/Batteries/Lean/Meta/DiscrTree.html",
     "c8f49cfd0c7f0011"],
    ["/home/runner/work/batteries/batteries/docs/doc/Batteries/Lean/Meta/Expr.html",
     "2f3a34b3ac1fa8cb"],
    ["/home/runner/work/batteries/batteries/docs/doc/Batteries/Lean/Meta/Inaccessible.html",
     "92c72d427d7c092f"],
    ["/home/runner/work/batteries/batteries/docs/doc/Batteries/Lean/Meta/InstantiateMVars.html",
     "4be61a2607c9ca5a"],
    ["/home/runner/work/batteries/batteries/docs/doc/Batteries/Lean/Meta/SavedState.html",
     "20fe4e533a426860"],
    ["/home/runner/work/batteries/batteries/docs/doc/Batteries/Lean/Meta/Simp.html",
     "f0d433c3ee6d11bb"],
    ["/home/runner/work/batteries/batteries/docs/doc/Batteries/Lean/Meta/UnusedNames.html",
     "fe7cf4aa8bc0c6e0"],
    ["/home/runner/work/batteries/batteries/docs/doc/Batteries/Lean/MonadBacktrack.html",
     "6b2b8c57e7d4c7a2"],
    ["/home/runner/work/batteries/batteries/docs/doc/Batteries/Lean/NameMapAttribute.html",
     "73b99a1459468d81"],
    ["/home/runner/work/batteries/batteries/docs/doc/Batteries/Lean/PersistentHashMap.html",
     "f820a76b93f0c9c1"],
    ["/home/runner/work/batteries/batteries/docs/doc/Batteries/Lean/PersistentHashSet.html",
     "3323a47a305e5d7e"],
    ["/home/runner/work/batteries/batteries/docs/doc/Batteries/Lean/Position.html",
     "3daa420dd1c845d9"],
    ["/home/runner/work/batteries/batteries/docs/doc/Batteries/Lean/SatisfiesM.html",
     "35ecb5cc69aa4936"],
    ["/home/runner/work/batteries/batteries/docs/doc/Batteries/Lean/Syntax.html",
     "42a1e2902635af0a"],
    ["/home/runner/work/batteries/batteries/docs/doc/Batteries/Lean/System/IO.html",
     "f9135dfe6439c76a"],
    ["/home/runner/work/batteries/batteries/docs/doc/Batteries/Lean/TagAttribute.html",
     "78fe40237f7aff99"],
    ["/home/runner/work/batteries/batteries/docs/doc/Batteries/Lean/Util/EnvSearch.html",
     "4ec26474689971c5"],
    ["/home/runner/work/batteries/batteries/docs/doc/Batteries/Linter.html",
     "7cfe1adfa746816f"],
    ["/home/runner/work/batteries/batteries/docs/doc/Batteries/Linter/UnnecessarySeqFocus.html",
     "af063b5a0d4c98cd"],
    ["/home/runner/work/batteries/batteries/docs/doc/Batteries/Linter/UnreachableTactic.html",
     "a6e569fa23d10eab"],
    ["/home/runner/work/batteries/batteries/docs/doc/Batteries/Logic.html",
     "91fd214dd3e2a7f4"],
    ["/home/runner/work/batteries/batteries/docs/doc/Batteries/Tactic/Alias.html",
     "acbffb5b8d2929f2"],
    ["/home/runner/work/batteries/batteries/docs/doc/Batteries/Tactic/Basic.html",
     "595d0e0bad69e4d7"],
    ["/home/runner/work/batteries/batteries/docs/doc/Batteries/Tactic/Case.html",
     "8faecf57a58b63ae"],
    ["/home/runner/work/batteries/batteries/docs/doc/Batteries/Tactic/Congr.html",
     "b5f6f9fc23cbdb10"],
    ["/home/runner/work/batteries/batteries/docs/doc/Batteries/Tactic/Exact.html",
     "307d230d33942da3"],
    ["/home/runner/work/batteries/batteries/docs/doc/Batteries/Tactic/GeneralizeProofs.html",
     "3440e068e1e0bc5b"],
    ["/home/runner/work/batteries/batteries/docs/doc/Batteries/Tactic/HelpCmd.html",
     "526422eb2856ee21"],
    ["/home/runner/work/batteries/batteries/docs/doc/Batteries/Tactic/Init.html",
     "6e40f689da423038"],
    ["/home/runner/work/batteries/batteries/docs/doc/Batteries/Tactic/Instances.html",
     "453d510d44cae6d4"],
    ["/home/runner/work/batteries/batteries/docs/doc/Batteries/Tactic/Lemma.html",
     "0adafcc3802346cc"],
    ["/home/runner/work/batteries/batteries/docs/doc/Batteries/Tactic/Lint.html",
     "ba66f5d5fbc8357d"],
    ["/home/runner/work/batteries/batteries/docs/doc/Batteries/Tactic/Lint/Basic.html",
     "17fe7241b33a7731"],
    ["/home/runner/work/batteries/batteries/docs/doc/Batteries/Tactic/Lint/Frontend.html",
     "2d0ecb4ed23df4d6"],
    ["/home/runner/work/batteries/batteries/docs/doc/Batteries/Tactic/Lint/Misc.html",
     "58ecec86e327b187"],
    ["/home/runner/work/batteries/batteries/docs/doc/Batteries/Tactic/Lint/Simp.html",
     "795e63b654f6b0af"],
    ["/home/runner/work/batteries/batteries/docs/doc/Batteries/Tactic/Lint/TypeClass.html",
     "8fd86107e37bd769"],
    ["/home/runner/work/batteries/batteries/docs/doc/Batteries/Tactic/NoMatch.html",
     "706facae916225c6"],
    ["/home/runner/work/batteries/batteries/docs/doc/Batteries/Tactic/OpenPrivate.html",
     "bf19dee372c540b0"],
    ["/home/runner/work/batteries/batteries/docs/doc/Batteries/Tactic/PermuteGoals.html",
     "ed76679097f2b085"],
    ["/home/runner/work/batteries/batteries/docs/doc/Batteries/Tactic/PrintDependents.html",
     "a7768db14329970e"],
    ["/home/runner/work/batteries/batteries/docs/doc/Batteries/Tactic/PrintOpaques.html",
     "a0fedb53f85ab218"],
    ["/home/runner/work/batteries/batteries/docs/doc/Batteries/Tactic/PrintPrefix.html",
     "2580c93dfebc8946"],
    ["/home/runner/work/batteries/batteries/docs/doc/Batteries/Tactic/SeqFocus.html",
     "25933a9bc5981c6b"],
    ["/home/runner/work/batteries/batteries/docs/doc/Batteries/Tactic/ShowUnused.html",
     "a2ed20ba9642c951"],
    ["/home/runner/work/batteries/batteries/docs/doc/Batteries/Tactic/SqueezeScope.html",
     "cc78f0ceaec4e3fc"],
    ["/home/runner/work/batteries/batteries/docs/doc/Batteries/Tactic/Trans.html",
     "a6cdc5dbd7ad90b1"],
    ["/home/runner/work/batteries/batteries/docs/doc/Batteries/Tactic/Unreachable.html",
     "997b99d9bf41990c"],
    ["/home/runner/work/batteries/batteries/docs/doc/Batteries/Util/Cache.html",
     "a24218554a8825cc"],
    ["/home/runner/work/batteries/batteries/docs/doc/Batteries/Util/ExtendedBinder.html",
     "03d9d736ac8739f7"],
    ["/home/runner/work/batteries/batteries/docs/doc/Batteries/Util/LibraryNote.html",
     "0bf047e8c54bbf4d"],
    ["/home/runner/work/batteries/batteries/docs/doc/Batteries/Util/Panic.html",
     "2fcb1185fe038115"],
    ["/home/runner/work/batteries/batteries/docs/doc/Batteries/Util/Pickle.html",
     "5ec5c8fc337355b6"],
    ["/home/runner/work/batteries/batteries/docs/doc/Batteries/Util/ProofWanted.html",
     "8cf379d80d99c579"],
    ["/home/runner/work/batteries/batteries/docs/doc/Batteries/WF.html",
     "a06991ac0687dbbe"]]],
  ["/home/runner/work/batteries/batteries/docs/doc-data/references.json",
   "a50f2257f35adb49"],
  ["/home/runner/work/batteries/batteries/.lake/packages/doc-gen4/.lake/build/bin/doc-gen4",
   "85877515eaa48267"],
  ["Batteries:leanArts", "2acf7f728ba6d4a7"]],
 "depHash": "7a1dd45fd585e6e1"}