{"synthetic": false,
 "outputs": null,
 "log":
 [{"message":
   ".> ELAN=elan ELAN_HOME=/home/runner/.elan ELAN_TOOLCHAIN=leanprover/lean4:v4.22.0-rc4 LAKE=/home/runner/.elan/toolchains/leanprover--lean4---v4.22.0-rc4/bin/lake LAKE_HOME=/home/runner/.elan/toolchains/leanprover--lean4---v4.22.0-rc4 LAKE_PKG_URL_MAP={} LAKE_NO_CACHE=false LAKE_ARTIFACT_CACHE=false LAKE_CACHE_DIR=/home/runner/.elan/toolchains/leanprover--lean4---v4.22.0-rc4/lake/cache LEAN=/home/runner/.elan/toolchains/leanprover--lean4---v4.22.0-rc4/bin/lean LEAN_GITHASH=30ceb3260d7d7536092fedff969b4b2e8de7f942 LEAN_SYSROOT=/home/runner/.elan/toolchains/leanprover--lean4---v4.22.0-rc4 LEAN_AR=/home/runner/.elan/toolchains/leanprover--lean4---v4.22.0-rc4/bin/llvm-ar LEAN_CC= LEAN_PATH=/home/runner/work/batteries/batteries/.lake/packages/MD4Lean/.lake/build/lib/lean:/home/runner/work/batteries/batteries/.lake/packages/BibtexQuery/.lake/build/lib/lean:/home/runner/work/batteries/batteries/.lake/packages/UnicodeBasic/.lake/build/lib/lean:/home/runner/work/batteries/batteries/.lake/packages/Cli/.lake/build/lib/lean:/home/runner/work/batteries/batteries/.lake/packages/doc-gen4/.lake/build/lib/lean:/home/runner/work/batteries/batteries/.lake/build/lib/lean:/home/runner/work/batteries/batteries/docs/lib/lean:/home/runner/.elan/toolchains/leanprover--lean4---v4.22.0-rc4/lib/lean LEAN_SRC_PATH=/home/runner/work/batteries/batteries/.lake/packages/MD4Lean:/home/runner/work/batteries/batteries/.lake/packages/MD4Lean:/home/runner/work/batteries/batteries/.lake/packages/BibtexQuery:/home/runner/work/batteries/batteries/.lake/packages/UnicodeBasic:/home/runner/work/batteries/batteries/.lake/packages/UnicodeBasic:/home/runner/work/batteries/batteries/.lake/packages/Cli:/home/runner/work/batteries/batteries/.lake/packages/doc-gen4:/home/runner/work/batteries/batteries:/home/runner/work/batteries/batteries:/home/runner/.elan/toolchains/leanprover--lean4---v4.22.0-rc4/src/lean/lake PATH LD_LIBRARY_PATH=/home/runner/.elan/toolchains/leanprover--lean4---v4.22.0-rc4/lib/lean:/home/runner/.elan/toolchains/leanprover--lean4---v4.22.0-rc4/lib:/home/runner/work/batteries/batteries/docs/lib:/home/runner/work/batteries/batteries/.lake/build/lib:/home/runner/work/batteries/batteries/.lake/packages/doc-gen4/.lake/build/lib:/home/runner/work/batteries/batteries/.lake/packages/Cli/.lake/build/lib:/home/runner/work/batteries/batteries/.lake/packages/UnicodeBasic/.lake/build/lib:/home/runner/work/batteries/batteries/.lake/packages/BibtexQuery/.lake/build/lib:/home/runner/work/batteries/batteries/.lake/packages/MD4Lean/.lake/build/lib /home/runner/work/batteries/batteries/.lake/packages/doc-gen4/.lake/build/bin/doc-gen4 single --build /home/runner/work/batteries/batteries/docs Batteries.Data.BitVec.Lemmas https://github.com/leanprover-community/batteries/blob/6a49e4c22164b1d18665837cf1e148131c7a6c4d/Batteries/Data/BitVec/Lemmas.lean",
   "level": "trace"}],
 "inputs":
 [["<collection>",
   [["/home/runner/work/batteries/batteries/docs/doc/Batteries/Tactic/Alias.html",
     "14566646438797921236"],
    ["/home/runner/work/batteries/batteries/docs/doc/Batteries/Data/BitVec/Basic.html",
     "5120777622340024011"],
    ["/home/runner/work/batteries/batteries/docs/doc/Batteries/Data/Fin/OfBits.html",
     "2566513729063620013"],
    ["/home/runner/work/batteries/batteries/docs/doc/Batteries/Data/Nat/Lemmas.html",
     "10846567129641965186"],
    ["/home/runner/work/batteries/batteries/docs/doc/Batteries/Data/Int.html",
     "1106489322898595915"]]],
  ["/home/runner/work/batteries/batteries/docs/doc-data/references.json",
   "11893762902049086281"],
  ["/home/runner/work/batteries/batteries/.lake/packages/doc-gen4/.lake/build/bin/doc-gen4",
   "12317716185943230230"],
  ["Batteries.Data.BitVec.Lemmas:leanArts", "4294708314386103459"]],
 "depHash": "10263207286291272824"}