{"log":
 [{"message":
   ".> ELAN=elan ELAN_HOME=/home/runner/.elan ELAN_TOOLCHAIN=leanprover/lean4:v4.20.0-rc2 LAKE=/home/runner/.elan/toolchains/leanprover--lean4---v4.20.0-rc2/bin/lake LAKE_HOME=/home/runner/.elan/toolchains/leanprover--lean4---v4.20.0-rc2 LAKE_PKG_URL_MAP={} LEAN=/home/runner/.elan/toolchains/leanprover--lean4---v4.20.0-rc2/bin/lean LEAN_GITHASH=fcb2f44cd3db2bae817540c1df036f7e14a29b48 LEAN_SYSROOT=/home/runner/.elan/toolchains/leanprover--lean4---v4.20.0-rc2 LEAN_AR=/home/runner/.elan/toolchains/leanprover--lean4---v4.20.0-rc2/bin/llvm-ar LEAN_CC= LEAN_PATH=/home/runner/work/batteries/batteries/.lake/packages/MD4Lean/.lake/build/lib/lean:/home/runner/work/batteries/batteries/.lake/packages/BibtexQuery/.lake/build/lib/lean:/home/runner/work/batteries/batteries/.lake/packages/UnicodeBasic/.lake/build/lib/lean:/home/runner/work/batteries/batteries/.lake/packages/Cli/.lake/build/lib/lean:/home/runner/work/batteries/batteries/.lake/packages/doc-gen4/.lake/build/lib/lean:/home/runner/work/batteries/batteries/.lake/build/lib/lean:/home/runner/work/batteries/batteries/docs/lib/lean:/home/runner/.elan/toolchains/leanprover--lean4---v4.20.0-rc2/lib/lean LEAN_SRC_PATH=/home/runner/work/batteries/batteries/.lake/packages/MD4Lean:/home/runner/work/batteries/batteries/.lake/packages/MD4Lean:/home/runner/work/batteries/batteries/.lake/packages/BibtexQuery:/home/runner/work/batteries/batteries/.lake/packages/UnicodeBasic:/home/runner/work/batteries/batteries/.lake/packages/UnicodeBasic:/home/runner/work/batteries/batteries/.lake/packages/Cli:/home/runner/work/batteries/batteries/.lake/packages/doc-gen4:/home/runner/work/batteries/batteries:/home/runner/work/batteries/batteries:/home/runner/.elan/toolchains/leanprover--lean4---v4.20.0-rc2/src/lean/lake PATH LD_LIBRARY_PATH=/home/runner/.elan/toolchains/leanprover--lean4---v4.20.0-rc2/lib/lean:/home/runner/.elan/toolchains/leanprover--lean4---v4.20.0-rc2/lib:/home/runner/work/batteries/batteries/docs/lib:/home/runner/work/batteries/batteries/.lake/build/lib:/home/runner/work/batteries/batteries/.lake/packages/doc-gen4/.lake/build/lib:/home/runner/work/batteries/batteries/.lake/packages/Cli/.lake/build/lib:/home/runner/work/batteries/batteries/.lake/packages/UnicodeBasic/.lake/build/lib:/home/runner/work/batteries/batteries/.lake/packages/BibtexQuery/.lake/build/lib:/home/runner/work/batteries/batteries/.lake/packages/MD4Lean/.lake/build/lib /home/runner/work/batteries/batteries/.lake/packages/doc-gen4/.lake/build/bin/doc-gen4 single --build /home/runner/work/batteries/batteries/docs Batteries.Data.List https://github.com/leanprover-community/batteries/blob/795ab4977cc1b41273258b736585b9b3def9081c/Batteries/Data/List.lean",
   "level": "trace"}],
 "inputs":
 [["<collection>",
   [["/home/runner/work/batteries/batteries/docs/doc/Batteries/Data/List/ArrayMap.html",
     "4873946867302405314"],
    ["/home/runner/work/batteries/batteries/docs/doc/Batteries/Data/List/Basic.html",
     "15747757726885225350"],
    ["/home/runner/work/batteries/batteries/docs/doc/Batteries/Data/List/Count.html",
     "423100873802387833"],
    ["/home/runner/work/batteries/batteries/docs/doc/Batteries/Data/List/FinRange.html",
     "3160040570741036484"],
    ["/home/runner/work/batteries/batteries/docs/doc/Batteries/Data/List/Init/Lemmas.html",
     "16611274447948157928"],
    ["/home/runner/work/batteries/batteries/docs/doc/Batteries/Data/List/Lemmas.html",
     "3272180211434819333"],
    ["/home/runner/work/batteries/batteries/docs/doc/Batteries/Data/List/Matcher.html",
     "1077509335633943772"],
    ["/home/runner/work/batteries/batteries/docs/doc/Batteries/Data/List/Monadic.html",
     "17204731486947502611"],
    ["/home/runner/work/batteries/batteries/docs/doc/Batteries/Data/List/OfFn.html",
     "12042324429164912301"],
    ["/home/runner/work/batteries/batteries/docs/doc/Batteries/Data/List/Pairwise.html",
     "1762975125076101223"],
    ["/home/runner/work/batteries/batteries/docs/doc/Batteries/Data/List/Perm.html",
     "6110586630007257426"]]],
  ["/home/runner/work/batteries/batteries/docs/doc-data/references.json",
   "9311986744312936243"],
  ["/home/runner/work/batteries/batteries/.lake/packages/doc-gen4/.lake/build/bin/doc-gen4",
   "8789431197256492731"],
  ["Batteries.Data.List:leanArts", "6691192342820007994"]],
 "depHash": "8325586557621203791"}