{"log":
 [{"message":
   ".> ELAN=elan ELAN_HOME=/home/runner/.elan ELAN_TOOLCHAIN=leanprover/lean4:v4.21.0-rc3 LAKE=/home/runner/.elan/toolchains/leanprover--lean4---v4.21.0-rc3/bin/lake LAKE_HOME=/home/runner/.elan/toolchains/leanprover--lean4---v4.21.0-rc3 LAKE_PKG_URL_MAP={} LEAN=/home/runner/.elan/toolchains/leanprover--lean4---v4.21.0-rc3/bin/lean LEAN_GITHASH=6741444a63eec253a7eae7a83f1beb3de015023d LEAN_SYSROOT=/home/runner/.elan/toolchains/leanprover--lean4---v4.21.0-rc3 LEAN_AR=/home/runner/.elan/toolchains/leanprover--lean4---v4.21.0-rc3/bin/llvm-ar LEAN_CC= LEAN_PATH=/home/runner/work/batteries/batteries/.lake/packages/MD4Lean/.lake/build/lib/lean:/home/runner/work/batteries/batteries/.lake/packages/BibtexQuery/.lake/build/lib/lean:/home/runner/work/batteries/batteries/.lake/packages/UnicodeBasic/.lake/build/lib/lean:/home/runner/work/batteries/batteries/.lake/packages/Cli/.lake/build/lib/lean:/home/runner/work/batteries/batteries/.lake/packages/doc-gen4/.lake/build/lib/lean:/home/runner/work/batteries/batteries/.lake/build/lib/lean:/home/runner/work/batteries/batteries/docs/lib/lean:/home/runner/.elan/toolchains/leanprover--lean4---v4.21.0-rc3/lib/lean LEAN_SRC_PATH=/home/runner/work/batteries/batteries/.lake/packages/MD4Lean:/home/runner/work/batteries/batteries/.lake/packages/MD4Lean:/home/runner/work/batteries/batteries/.lake/packages/BibtexQuery:/home/runner/work/batteries/batteries/.lake/packages/UnicodeBasic:/home/runner/work/batteries/batteries/.lake/packages/UnicodeBasic:/home/runner/work/batteries/batteries/.lake/packages/Cli:/home/runner/work/batteries/batteries/.lake/packages/doc-gen4:/home/runner/work/batteries/batteries:/home/runner/work/batteries/batteries:/home/runner/.elan/toolchains/leanprover--lean4---v4.21.0-rc3/src/lean/lake PATH LD_LIBRARY_PATH=/home/runner/.elan/toolchains/leanprover--lean4---v4.21.0-rc3/lib/lean:/home/runner/.elan/toolchains/leanprover--lean4---v4.21.0-rc3/lib:/home/runner/work/batteries/batteries/docs/lib:/home/runner/work/batteries/batteries/.lake/build/lib:/home/runner/work/batteries/batteries/.lake/packages/doc-gen4/.lake/build/lib:/home/runner/work/batteries/batteries/.lake/packages/Cli/.lake/build/lib:/home/runner/work/batteries/batteries/.lake/packages/UnicodeBasic/.lake/build/lib:/home/runner/work/batteries/batteries/.lake/packages/BibtexQuery/.lake/build/lib:/home/runner/work/batteries/batteries/.lake/packages/MD4Lean/.lake/build/lib /home/runner/work/batteries/batteries/.lake/packages/doc-gen4/.lake/build/bin/doc-gen4 single --build /home/runner/work/batteries/batteries/docs Batteries.Data.RBMap https://github.com/leanprover-community/batteries/blob/4765a4ee7ab89f407e4bc1d2aa1dbae83bd95e16/Batteries/Data/RBMap.lean",
   "level": "trace"}],
 "inputs":
 [["<collection>",
   [["/home/runner/work/batteries/batteries/docs/doc/Batteries/Data/RBMap/Alter.html",
     "17723224223563596984"],
    ["/home/runner/work/batteries/batteries/docs/doc/Batteries/Data/RBMap/Basic.html",
     "91736718359056494"],
    ["/home/runner/work/batteries/batteries/docs/doc/Batteries/Data/RBMap/Depth.html",
     "4873807847868690111"],
    ["/home/runner/work/batteries/batteries/docs/doc/Batteries/Data/RBMap/Lemmas.html",
     "824705579375438106"],
    ["/home/runner/work/batteries/batteries/docs/doc/Batteries/Data/RBMap/WF.html",
     "16608931446204161462"]]],
  ["/home/runner/work/batteries/batteries/docs/doc-data/references.json",
   "11893762902049086281"],
  ["/home/runner/work/batteries/batteries/.lake/packages/doc-gen4/.lake/build/bin/doc-gen4",
   "12844784672448576795"],
  ["Batteries.Data.RBMap:leanArts", "14040007880745945270"]],
 "depHash": "17554236474282886873"}