{"synthetic": false,
 "schemaVersion": "2025-09-10",
 "outputs": null,
 "log":
 [{"message":
   ".> ELAN=elan ELAN_HOME=/home/runner/.elan ELAN_TOOLCHAIN=leanprover/lean4:v4.28.0-rc1 LAKE=/home/runner/.elan/toolchains/leanprover--lean4---v4.28.0-rc1/bin/lake LAKE_HOME=/home/runner/.elan/toolchains/leanprover--lean4---v4.28.0-rc1 LAKE_PKG_URL_MAP={} LAKE_NO_CACHE=false LAKE_CACHE_KEY= LAKE_CACHE_ARTIFACT_ENDPOINT= LAKE_CACHE_REVISION_ENDPOINT= LEAN=/home/runner/.elan/toolchains/leanprover--lean4---v4.28.0-rc1/bin/lean LEAN_SYSROOT=/home/runner/.elan/toolchains/leanprover--lean4---v4.28.0-rc1 LEAN_AR=/home/runner/.elan/toolchains/leanprover--lean4---v4.28.0-rc1/bin/llvm-ar LEAN_CC= LAKE_CACHE_DIR=/home/runner/.elan/toolchains/leanprover--lean4---v4.28.0-rc1/lake/cache LAKE_ARTIFACT_CACHE=false LEAN_PATH=/home/runner/work/batteries/batteries/.lake/packages/MD4Lean/.lake/build/lib/lean:/home/runner/work/batteries/batteries/.lake/packages/BibtexQuery/.lake/build/lib/lean:/home/runner/work/batteries/batteries/.lake/packages/UnicodeBasic/.lake/build/lib/lean:/home/runner/work/batteries/batteries/.lake/packages/Cli/.lake/build/lib/lean:/home/runner/work/batteries/batteries/.lake/packages/doc-gen4/.lake/build/lib/lean:/home/runner/work/batteries/batteries/.lake/build/lib/lean:/home/runner/work/batteries/batteries/docs/lib/lean:/home/runner/.elan/toolchains/leanprover--lean4---v4.28.0-rc1/lib/lean LEAN_SRC_PATH=/home/runner/work/batteries/batteries/.lake/packages/MD4Lean:/home/runner/work/batteries/batteries/.lake/packages/MD4Lean:/home/runner/work/batteries/batteries/.lake/packages/BibtexQuery:/home/runner/work/batteries/batteries/.lake/packages/UnicodeBasic:/home/runner/work/batteries/batteries/.lake/packages/UnicodeBasic:/home/runner/work/batteries/batteries/.lake/packages/Cli:/home/runner/work/batteries/batteries/.lake/packages/Cli:/home/runner/work/batteries/batteries/.lake/packages/doc-gen4:/home/runner/work/batteries/batteries:/home/runner/work/batteries/batteries:/home/runner/.elan/toolchains/leanprover--lean4---v4.28.0-rc1/src/lean/lake LEAN_GITHASH=3b0f2862196c6a8af9eb0025ee650252694013dd PATH LD_LIBRARY_PATH=/home/runner/.elan/toolchains/leanprover--lean4---v4.28.0-rc1/lib/lean:/home/runner/.elan/toolchains/leanprover--lean4---v4.28.0-rc1/lib:/home/runner/work/batteries/batteries/docs/lib:/home/runner/work/batteries/batteries/.lake/build/lib:/home/runner/work/batteries/batteries/.lake/packages/doc-gen4/.lake/build/lib:/home/runner/work/batteries/batteries/.lake/packages/Cli/.lake/build/lib:/home/runner/work/batteries/batteries/.lake/packages/UnicodeBasic/.lake/build/lib:/home/runner/work/batteries/batteries/.lake/packages/BibtexQuery/.lake/build/lib:/home/runner/work/batteries/batteries/.lake/packages/MD4Lean/.lake/build/lib /home/runner/work/batteries/batteries/.lake/packages/doc-gen4/.lake/build/bin/doc-gen4 single --build /home/runner/work/batteries/batteries/docs Batteries.Data.String https://github.com/leanprover-community/batteries/blob/8fda52e157c840eb11716f8410f3ca2096d325f0/Batteries/Data/String.lean",
   "level": "trace"}],
 "inputs":
 [["<collection>",
   [["/home/runner/work/batteries/batteries/docs/doc/Batteries/Data/String/AsciiCasing.html",
     "daf019e8623f7999"],
    ["/home/runner/work/batteries/batteries/docs/doc/Batteries/Data/String/Basic.html",
     "dc202b7c91d5fd91"],
    ["/home/runner/work/batteries/batteries/docs/doc/Batteries/Data/String/Legacy.html",
     "17d5b8cd1521b697"],
    ["/home/runner/work/batteries/batteries/docs/doc/Batteries/Data/String/Lemmas.html",
     "df9cf72f2d6638c7"],
    ["/home/runner/work/batteries/batteries/docs/doc/Batteries/Data/String/Matcher.html",
     "73252d521dd5315d"]]],
  ["/home/runner/work/batteries/batteries/docs/doc-data/references.json",
   "a50f2257f35adb49"],
  ["/home/runner/work/batteries/batteries/.lake/packages/doc-gen4/.lake/build/bin/doc-gen4",
   "2157e32479c2989e"],
  ["Batteries.Data.String:leanArts", "400341b9eff73020"]],
 "depHash": "7f134e14eca12058"}