{"synthetic": false,
 "outputs": null,
 "log":
 [{"message":
   ".> ELAN=elan ELAN_HOME=/home/runner/.elan ELAN_TOOLCHAIN=leanprover/lean4:v4.23.0-rc2 LAKE=/home/runner/.elan/toolchains/leanprover--lean4---v4.23.0-rc2/bin/lake LAKE_HOME=/home/runner/.elan/toolchains/leanprover--lean4---v4.23.0-rc2 LAKE_PKG_URL_MAP={} LAKE_NO_CACHE=false LAKE_ARTIFACT_CACHE=false LAKE_CACHE_DIR=/home/runner/.elan/toolchains/leanprover--lean4---v4.23.0-rc2/lake/cache LEAN=/home/runner/.elan/toolchains/leanprover--lean4---v4.23.0-rc2/bin/lean LEAN_GITHASH=ad1a017949674a947f0d6794cbf7130d642c6530 LEAN_SYSROOT=/home/runner/.elan/toolchains/leanprover--lean4---v4.23.0-rc2 LEAN_AR=/home/runner/.elan/toolchains/leanprover--lean4---v4.23.0-rc2/bin/llvm-ar LEAN_CC= LEAN_PATH=/home/runner/work/batteries/batteries/.lake/packages/MD4Lean/.lake/build/lib/lean:/home/runner/work/batteries/batteries/.lake/packages/BibtexQuery/.lake/build/lib/lean:/home/runner/work/batteries/batteries/.lake/packages/UnicodeBasic/.lake/build/lib/lean:/home/runner/work/batteries/batteries/.lake/packages/Cli/.lake/build/lib/lean:/home/runner/work/batteries/batteries/.lake/packages/doc-gen4/.lake/build/lib/lean:/home/runner/work/batteries/batteries/.lake/build/lib/lean:/home/runner/work/batteries/batteries/docs/lib/lean:/home/runner/.elan/toolchains/leanprover--lean4---v4.23.0-rc2/lib/lean LEAN_SRC_PATH=/home/runner/work/batteries/batteries/.lake/packages/MD4Lean:/home/runner/work/batteries/batteries/.lake/packages/MD4Lean:/home/runner/work/batteries/batteries/.lake/packages/BibtexQuery:/home/runner/work/batteries/batteries/.lake/packages/UnicodeBasic:/home/runner/work/batteries/batteries/.lake/packages/UnicodeBasic:/home/runner/work/batteries/batteries/.lake/packages/Cli:/home/runner/work/batteries/batteries/.lake/packages/doc-gen4:/home/runner/work/batteries/batteries:/home/runner/work/batteries/batteries:/home/runner/.elan/toolchains/leanprover--lean4---v4.23.0-rc2/src/lean/lake PATH LD_LIBRARY_PATH=/home/runner/.elan/toolchains/leanprover--lean4---v4.23.0-rc2/lib/lean:/home/runner/.elan/toolchains/leanprover--lean4---v4.23.0-rc2/lib:/home/runner/work/batteries/batteries/docs/lib:/home/runner/work/batteries/batteries/.lake/build/lib:/home/runner/work/batteries/batteries/.lake/packages/doc-gen4/.lake/build/lib:/home/runner/work/batteries/batteries/.lake/packages/Cli/.lake/build/lib:/home/runner/work/batteries/batteries/.lake/packages/UnicodeBasic/.lake/build/lib:/home/runner/work/batteries/batteries/.lake/packages/BibtexQuery/.lake/build/lib:/home/runner/work/batteries/batteries/.lake/packages/MD4Lean/.lake/build/lib /home/runner/work/batteries/batteries/.lake/packages/doc-gen4/.lake/build/bin/doc-gen4 single --build /home/runner/work/batteries/batteries/docs Batteries.Data.Vector https://github.com/leanprover-community/batteries/blob/6e89c7370ca3a91b7d1f29ef7d727a9d027d7b0d/Batteries/Data/Vector.lean",
   "level": "trace"}],
 "inputs":
 [["<collection>",
   [["/home/runner/work/batteries/batteries/docs/doc/Batteries/Data/Vector/Basic.html",
     "4327119915405460996"],
    ["/home/runner/work/batteries/batteries/docs/doc/Batteries/Data/Vector/Lemmas.html",
     "12428121746193581693"],
    ["/home/runner/work/batteries/batteries/docs/doc/Batteries/Data/Vector/Monadic.html",
     "15174405052624587273"]]],
  ["/home/runner/work/batteries/batteries/docs/doc-data/references.json",
   "11893762902049086281"],
  ["/home/runner/work/batteries/batteries/.lake/packages/doc-gen4/.lake/build/bin/doc-gen4",
   "13929231099417943930"],
  ["Batteries.Data.Vector:leanArts", "308461465844476456"]],
 "depHash": "11701301909981532070"}