{"synthetic": false,
 "schemaVersion": "2025-09-10",
 "outputs": null,
 "log":
 [{"message": "Documentation indexing", "level": "info"},
  {"message":
   ".> /home/runner/work/batteries/batteries/.lake/packages/doc-gen4/.lake/build/bin/doc-gen4 index --build /home/runner/work/batteries/batteries/docs",
   "level": "trace"}],
 "inputs":
 [["/home/runner/work/batteries/batteries/.lake/packages/doc-gen4/.lake/build/bin/doc-gen4",
   "2912eefd16d3d025"],
  ["<nil>", "0cb9b4c0f8c6b2da"],
  ["<collection>",
   [["/home/runner/work/batteries/batteries/docs/doc/Batteries/Util/LibraryNote.html",
     "b7657b2bd5fa2743"],
    ["/home/runner/work/batteries/batteries/docs/doc/Batteries/Classes/Cast.html",
     "acfaf2169761dc38"],
    ["/home/runner/work/batteries/batteries/docs/doc/Batteries/Tactic/Unreachable.html",
     "2600540318daa3ad"],
    ["/home/runner/work/batteries/batteries/docs/doc/Batteries/Linter/UnreachableTactic.html",
     "a63a519b68a985a3"],
    ["/home/runner/work/batteries/batteries/docs/doc/Batteries/Lean/TagAttribute.html",
     "b3d91ef50a18151e"],
    ["/home/runner/work/batteries/batteries/docs/doc/Batteries/Lean/AttributeExtra.html",
     "c3d591b081e937c6"],
    ["/home/runner/work/batteries/batteries/docs/doc/Batteries/Linter/UnnecessarySeqFocus.html",
     "80dcce6613566310"],
    ["/home/runner/work/batteries/batteries/docs/doc/Batteries/Linter.html",
     "5027c9fda1859280"],
    ["/home/runner/work/batteries/batteries/docs/doc/Batteries/Tactic/Init.html",
     "1c27f56c22a2f816"],
    ["/home/runner/work/batteries/batteries/docs/doc/Batteries/Tactic/SeqFocus.html",
     "fb8f0c98dcbeae00"],
    ["/home/runner/work/batteries/batteries/docs/doc/Batteries/Util/ProofWanted.html",
     "4fa2da746d1ef15b"],
    ["/home/runner/work/batteries/batteries/docs/doc/Batteries/Tactic/Basic.html",
     "09948469b349b589"],
    ["/home/runner/work/batteries/batteries/docs/doc/Batteries/Classes/Order.html",
     "c0248e3fb2f604eb"],
    ["/home/runner/work/batteries/batteries/docs/doc/Batteries/Classes/Deprecated.html",
     "9c9bce7852762cf6"],
    ["/home/runner/work/batteries/batteries/docs/doc/Batteries/Classes/RatCast.html",
     "311e19783d7b53cb"],
    ["/home/runner/work/batteries/batteries/docs/doc/Batteries/Lean/EStateM.html",
     "ca46f51a2586f52d"],
    ["/home/runner/work/batteries/batteries/docs/doc/Batteries/Lean/Except.html",
     "f2293e8e29309761"],
    ["/home/runner/work/batteries/batteries/docs/doc/Batteries/Classes/SatisfiesM.html",
     "21c349559dfebe7e"],
    ["/home/runner/work/batteries/batteries/docs/doc/Batteries/CodeAction/Attr.html",
     "a8f36d25c0075951"],
    ["/home/runner/work/batteries/batteries/docs/doc/Batteries/CodeAction/Basic.html",
     "bbba5e6bcc993104"],
    ["/home/runner/work/batteries/batteries/docs/doc/Batteries/Lean/Position.html",
     "7e813a398558015a"],
    ["/home/runner/work/batteries/batteries/docs/doc/Batteries/CodeAction/Misc.html",
     "d5c71bc254004983"],
    ["/home/runner/work/batteries/batteries/docs/doc/Batteries/Data/List/ArrayMap.html",
     "73a11ef580b07a19"],
    ["/home/runner/work/batteries/batteries/docs/doc/Batteries/CodeAction/Deprecated.html",
     "11af373e22095f24"],
    ["/home/runner/work/batteries/batteries/docs/doc/Batteries/Tactic/Alias.html",
     "e3fb683623824a56"],
    ["/home/runner/work/batteries/batteries/docs/doc/Batteries/Data/List/Basic.html",
     "8546e041557a7877"],
    ["/home/runner/work/batteries/batteries/docs/doc/Batteries/Data/List/Count.html",
     "3495a0d708d8c636"],
    ["/home/runner/work/batteries/batteries/docs/doc/Batteries/Data/List/Init/Lemmas.html",
     "647675b21e124ccd"],
    ["/home/runner/work/batteries/batteries/docs/doc/Batteries/Control/ForInStep/Basic.html",
     "5c907be1f8247e71"],
    ["/home/runner/work/batteries/batteries/docs/doc/Batteries/Control/ForInStep/Lemmas.html",
     "8bffd95c36b1b903"],
    ["/home/runner/work/batteries/batteries/docs/doc/Batteries/Data/List/Lemmas.html",
     "7dafb1ac1a7f2459"],
    ["/home/runner/work/batteries/batteries/docs/doc/Batteries/Data/Array/Match.html",
     "ed45f2685b8371f2"],
    ["/home/runner/work/batteries/batteries/docs/doc/Batteries/Data/List/Matcher.html",
     "655b9b44f1c838dc"],
    ["/home/runner/work/batteries/batteries/docs/doc/Batteries/Data/List/Monadic.html",
     "ed93f40eecfd3083"],
    ["/home/runner/work/batteries/batteries/docs/doc/Batteries/Data/List/Pairwise.html",
     "20c79bc4c6b3e568"],
    ["/home/runner/work/batteries/batteries/docs/doc/Batteries/Data/List/Perm.html",
     "d5d1f2b7388254dc"],
    ["/home/runner/work/batteries/batteries/docs/doc/Batteries/Data/List/Scan.html",
     "44fda1c55613b560"],
    ["/home/runner/work/batteries/batteries/docs/doc/Batteries/Data/List.html",
     "c71ec4132741a4c8"],
    ["/home/runner/work/batteries/batteries/docs/doc/Batteries/CodeAction/Match.html",
     "3b78cf9f3308327c"],
    ["/home/runner/work/batteries/batteries/docs/doc/Batteries/CodeAction.html",
     "8e3eed6c35c18632"],
    ["/home/runner/work/batteries/batteries/docs/doc/Batteries/Control/Lemmas.html",
     "6d34379c73f81a4d"],
    ["/home/runner/work/batteries/batteries/docs/doc/Batteries/Control/LawfulMonadState.html",
     "e79c264310bc86d6"],
    ["/home/runner/work/batteries/batteries/docs/doc/Batteries/Control/OptionT.html",
     "904e910e457ac4b8"],
    ["/home/runner/work/batteries/batteries/docs/doc/Batteries/Control/AlternativeMonad.html",
     "4a0af738b2d3698b"],
    ["/home/runner/work/batteries/batteries/docs/doc/Batteries/Control/ForInStep.html",
     "14626974b9452ef8"],
    ["/home/runner/work/batteries/batteries/docs/doc/Batteries/Control/Monad.html",
     "d7f8725b454d7719"],
    ["/home/runner/work/batteries/batteries/docs/doc/Batteries/Tactic/Lint/Basic.html",
     "091ebb22ca7f4861"],
    ["/home/runner/work/batteries/batteries/docs/doc/Batteries/Tactic/Lint/Misc.html",
     "a8df868bd01744bf"],
    ["/home/runner/work/batteries/batteries/docs/doc/Batteries/Data/MLList/Basic.html",
     "7624e5f2577897d0"],
    ["/home/runner/work/batteries/batteries/docs/doc/Batteries/Control/Nondet/Basic.html",
     "84036d53c5421086"],
    ["/home/runner/work/batteries/batteries/docs/doc/Batteries/Data/Array/Basic.html",
     "7adb48bdbcb51966"],
    ["/home/runner/work/batteries/batteries/docs/doc/Batteries/Data/Array/Init/Lemmas.html",
     "69fdc449cec8db43"],
    ["/home/runner/work/batteries/batteries/docs/doc/Batteries/Data/Array/Lemmas.html",
     "f4c9c20d83292fd8"],
    ["/home/runner/work/batteries/batteries/docs/doc/Batteries/Data/Array/Merge.html",
     "0d088251274fafc9"],
    ["/home/runner/work/batteries/batteries/docs/doc/Batteries/Data/Array/Monadic.html",
     "fe72215b7b64f5d3"],
    ["/home/runner/work/batteries/batteries/docs/doc/Batteries/Data/Array/Pairwise.html",
     "bb42bcb359d7f8f8"],
    ["/home/runner/work/batteries/batteries/docs/doc/Batteries/Data/Array.html",
     "697231067898d0f2"],
    ["/home/runner/work/batteries/batteries/docs/doc/Batteries/Data/AssocList.html",
     "02a0aa49ef84dfe1"],
    ["/home/runner/work/batteries/batteries/docs/doc/Batteries/Data/BinaryHeap.html",
     "3bff5f88d41cd28f"],
    ["/home/runner/work/batteries/batteries/docs/doc/Batteries/Data/BinomialHeap/Basic.html",
     "0a26955b1ed19b8b"],
    ["/home/runner/work/batteries/batteries/docs/doc/Batteries/Data/BinomialHeap/Lemmas.html",
     "6f6ee332f6d99268"],
    ["/home/runner/work/batteries/batteries/docs/doc/Batteries/Data/BinomialHeap.html",
     "8f38c3f4a6bb70fd"],
    ["/home/runner/work/batteries/batteries/docs/doc/Batteries/Data/BitVec/Basic.html",
     "de2011b52fcae782"],
    ["/home/runner/work/batteries/batteries/docs/doc/Batteries/Data/Nat/Basic.html",
     "5b734fbacb1d6a74"],
    ["/home/runner/work/batteries/batteries/docs/doc/Batteries/Data/Nat/Lemmas.html",
     "7a0b44b8b9b6ee1e"],
    ["/home/runner/work/batteries/batteries/docs/doc/Batteries/Data/Fin/OfBits.html",
     "971ccc9b7143a70e"],
    ["/home/runner/work/batteries/batteries/docs/doc/Batteries/Data/Int.html",
     "cf39da1ded124b3e"],
    ["/home/runner/work/batteries/batteries/docs/doc/Batteries/Data/BitVec/Lemmas.html",
     "31914124c4cff048"],
    ["/home/runner/work/batteries/batteries/docs/doc/Batteries/Data/BitVec.html",
     "cbebcddbf72be729"],
    ["/home/runner/work/batteries/batteries/docs/doc/Batteries/Data/ByteArray.html",
     "e6cd35bb7d67ff8a"],
    ["/home/runner/work/batteries/batteries/docs/doc/Batteries/Data/ByteSlice.html",
     "17f955d42b72101b"],
    ["/home/runner/work/batteries/batteries/docs/doc/Batteries/Data/Char/Basic.html",
     "f5bdea50270a8733"],
    ["/home/runner/work/batteries/batteries/docs/doc/Batteries/Data/Char/AsciiCasing.html",
     "1254d4558a0ac3b0"],
    ["/home/runner/work/batteries/batteries/docs/doc/Batteries/Data/Char.html",
     "fa1a65fa219fb756"],
    ["/home/runner/work/batteries/batteries/docs/doc/Batteries/Data/DList/Basic.html",
     "6656ad8b5c4545d6"],
    ["/home/runner/work/batteries/batteries/docs/doc/Batteries/Data/DList/Lemmas.html",
     "ec089a0976b9e6eb"],
    ["/home/runner/work/batteries/batteries/docs/doc/Batteries/Data/DList.html",
     "88ca6f2ddb9656cd"],
    ["/home/runner/work/batteries/batteries/docs/doc/Batteries/Data/Fin/Basic.html",
     "be03c59b22c375f5"],
    ["/home/runner/work/batteries/batteries/docs/doc/Batteries/Data/Fin/Fold.html",
     "ee5347fb6dc8f73a"],
    ["/home/runner/work/batteries/batteries/docs/doc/Batteries/Data/Fin/Lemmas.html",
     "668fdb128f7023bb"],
    ["/home/runner/work/batteries/batteries/docs/doc/Batteries/Data/Fin.html",
     "bc54753d37fb5970"],
    ["/home/runner/work/batteries/batteries/docs/doc/Batteries/Data/FloatArray.html",
     "3e9cc15429224ec8"],
    ["/home/runner/work/batteries/batteries/docs/doc/Batteries/Lean/HashMap.html",
     "16d32f2d83d1efc9"],
    ["/home/runner/work/batteries/batteries/docs/doc/Batteries/Data/HashMap/Basic.html",
     "ed9dfef746a9594e"],
    ["/home/runner/work/batteries/batteries/docs/doc/Batteries/Data/HashMap.html",
     "067cdd809fa70c55"],
    ["/home/runner/work/batteries/batteries/docs/doc/Batteries/Data/MLList/Heartbeats.html",
     "56ce7d0975f4b0e0"],
    ["/home/runner/work/batteries/batteries/docs/doc/Batteries/Lean/System/IO.html",
     "b384d635c9d8a60e"],
    ["/home/runner/work/batteries/batteries/docs/doc/Batteries/Data/MLList/IO.html",
     "3e48e7c2abcdf188"],
    ["/home/runner/work/batteries/batteries/docs/doc/Batteries/Data/MLList.html",
     "0fc485da5f105dbf"],
    ["/home/runner/work/batteries/batteries/docs/doc/Batteries/Data/NameSet.html",
     "46055a99fe98473c"],
    ["/home/runner/work/batteries/batteries/docs/doc/Batteries/Data/Nat/Bisect.html",
     "fc6dd2b048202e12"],
    ["/home/runner/work/batteries/batteries/docs/doc/Batteries/Data/Nat/Bitwise.html",
     "e0fccd2b125d60c7"],
    ["/home/runner/work/batteries/batteries/docs/doc/Batteries/Data/Nat/Digits.html",
     "8c6fec9cc1878e67"],
    ["/home/runner/work/batteries/batteries/docs/doc/Batteries/Data/Nat/Gcd.html",
     "5cf4af67f07cddd6"],
    ["/home/runner/work/batteries/batteries/docs/doc/Batteries/Data/Nat.html",
     "836f3531c198caee"],
    ["/home/runner/work/batteries/batteries/docs/doc/Batteries/Data/PairingHeap.html",
     "8c2bdaaf15fa9ebd"],
    ["/home/runner/work/batteries/batteries/docs/doc/Batteries/Data/RBMap/Basic.html",
     "54d953afbca0c165"],
    ["/home/runner/work/batteries/batteries/docs/doc/Batteries/Data/RBMap/WF.html",
     "39f11c3d03bf5165"],
    ["/home/runner/work/batteries/batteries/docs/doc/Batteries/Data/RBMap/Alter.html",
     "c3c561529e6c6701"],
    ["/home/runner/work/batteries/batteries/docs/doc/Batteries/Data/RBMap/Depth.html",
     "b20602a184d18346"],
    ["/home/runner/work/batteries/batteries/docs/doc/Batteries/Data/RBMap/Lemmas.html",
     "7283d14308dd77cc"],
    ["/home/runner/work/batteries/batteries/docs/doc/Batteries/Data/RBMap.html",
     "91ec1c378570c806"],
    ["/home/runner/work/batteries/batteries/docs/doc/Batteries/Data/Random/MersenneTwister.html",
     "2344ffdb15ea1e86"],
    ["/home/runner/work/batteries/batteries/docs/doc/Batteries/Data/Random.html",
     "10e3f4010499f883"],
    ["/home/runner/work/batteries/batteries/docs/doc/Batteries/Data/Range/Lemmas.html",
     "47beb97f7b67ee41"],
    ["/home/runner/work/batteries/batteries/docs/doc/Batteries/Data/Range.html",
     "c657f1159279ea04"],
    ["/home/runner/work/batteries/batteries/docs/doc/Batteries/Lean/Float.html",
     "84d959e17bd16ff7"],
    ["/home/runner/work/batteries/batteries/docs/doc/Batteries/Data/Rat/Float.html",
     "3c65fb4778768b47"],
    ["/home/runner/work/batteries/batteries/docs/doc/Batteries/Data/Rat.html",
     "be13da2111fd9b83"],
    ["/home/runner/work/batteries/batteries/docs/doc/Batteries/Data/Stream.html",
     "eba15f4cf094141a"],
    ["/home/runner/work/batteries/batteries/docs/doc/Batteries/Data/String/AsciiCasing.html",
     "4ad9a95436f6dfa7"],
    ["/home/runner/work/batteries/batteries/docs/doc/Batteries/Data/String/Basic.html",
     "81587d2a8b3138e3"],
    ["/home/runner/work/batteries/batteries/docs/doc/Batteries/Data/String/Legacy.html",
     "c095cfb0b92f6f11"],
    ["/home/runner/work/batteries/batteries/docs/doc/Batteries/Data/String/Lemmas.html",
     "90ccce88a03cd8a6"],
    ["/home/runner/work/batteries/batteries/docs/doc/Batteries/Data/String/Matcher.html",
     "149f732fa5dd458f"],
    ["/home/runner/work/batteries/batteries/docs/doc/Batteries/Data/String.html",
     "03cc8f2739a418d7"],
    ["/home/runner/work/batteries/batteries/docs/doc/Batteries/Data/UInt.html",
     "9ed21a5a59758817"],
    ["/home/runner/work/batteries/batteries/docs/doc/Batteries/Util/Panic.html",
     "04fba048c4b6089a"],
    ["/home/runner/work/batteries/batteries/docs/doc/Batteries/Data/UnionFind/Basic.html",
     "b1817815c86ecc4a"],
    ["/home/runner/work/batteries/batteries/docs/doc/Batteries/Data/UnionFind/Lemmas.html",
     "8d78ff997ea971dd"],
    ["/home/runner/work/batteries/batteries/docs/doc/Batteries/Data/UnionFind.html",
     "03cbd05cd3f6729c"],
    ["/home/runner/work/batteries/batteries/docs/doc/Batteries/Data/Vector/Basic.html",
     "9247b7e68338c55a"],
    ["/home/runner/work/batteries/batteries/docs/doc/Batteries/Data/Vector/Lemmas.html",
     "528388000e845c6d"],
    ["/home/runner/work/batteries/batteries/docs/doc/Batteries/Data/Vector/Monadic.html",
     "9e69218ec1c028bc"],
    ["/home/runner/work/batteries/batteries/docs/doc/Batteries/Data/Vector.html",
     "5ebb544ed0416cf7"],
    ["/home/runner/work/batteries/batteries/docs/doc/Batteries/Lean/Expr.html",
     "820f663709d4cfe3"],
    ["/home/runner/work/batteries/batteries/docs/doc/Batteries/Lean/HashSet.html",
     "281b85abf7791ad3"],
    ["/home/runner/work/batteries/batteries/docs/doc/Batteries/Lean/IO/Process.html",
     "1788052e033f5af7"],
    ["/home/runner/work/batteries/batteries/docs/doc/Batteries/Lean/Json.html",
     "7f84beac576e9502"],
    ["/home/runner/work/batteries/batteries/docs/doc/Batteries/Lean/LawfulMonad.html",
     "804e7053197604ec"],
    ["/home/runner/work/batteries/batteries/docs/doc/Batteries/Lean/LawfulMonadLift.html",
     "8691e334e0e46a06"],
    ["/home/runner/work/batteries/batteries/docs/doc/Batteries/Lean/Meta/Basic.html",
     "60489b23f897e4fa"],
    ["/home/runner/work/batteries/batteries/docs/doc/Batteries/Lean/Meta/Expr.html",
     "8f53887909c6d2ad"],
    ["/home/runner/work/batteries/batteries/docs/doc/Batteries/Lean/PersistentHashMap.html",
     "5b99a3b0e68f9f04"],
    ["/home/runner/work/batteries/batteries/docs/doc/Batteries/Lean/Meta/DiscrTree.html",
     "4079bb3333bfa457"],
    ["/home/runner/work/batteries/batteries/docs/doc/Batteries/Lean/Meta/Inaccessible.html",
     "910b3f6d295cb444"],
    ["/home/runner/work/batteries/batteries/docs/doc/Batteries/Lean/Meta/InstantiateMVars.html",
     "00b749ffa253d623"],
    ["/home/runner/work/batteries/batteries/docs/doc/Batteries/Lean/MonadBacktrack.html",
     "9697560452a39f45"],
    ["/home/runner/work/batteries/batteries/docs/doc/Batteries/Lean/Meta/SavedState.html",
     "cb6d6d6dc39db0d2"],
    ["/home/runner/work/batteries/batteries/docs/doc/Batteries/Tactic/OpenPrivate.html",
     "022adac30b17e447"],
    ["/home/runner/work/batteries/batteries/docs/doc/Batteries/Lean/Meta/Simp.html",
     "753e971508b08d86"],
    ["/home/runner/work/batteries/batteries/docs/doc/Batteries/Lean/Meta/UnusedNames.html",
     "4697d8b705f5b8d9"],
    ["/home/runner/work/batteries/batteries/docs/doc/Batteries/Lean/NameMapAttribute.html",
     "662fe446239cc44f"],
    ["/home/runner/work/batteries/batteries/docs/doc/Batteries/Lean/PersistentHashSet.html",
     "71dd915fa82b5ab5"],
    ["/home/runner/work/batteries/batteries/docs/doc/Batteries/Lean/SatisfiesM.html",
     "b6cc4cfc1f5ab33d"],
    ["/home/runner/work/batteries/batteries/docs/doc/Batteries/Lean/Syntax.html",
     "32d0c59e3b8019c9"],
    ["/home/runner/work/batteries/batteries/docs/doc/Batteries/Lean/Util/EnvSearch.html",
     "588bab4677ba19d8"],
    ["/home/runner/work/batteries/batteries/docs/doc/Batteries/Logic.html",
     "7ea75fd78ac62dba"],
    ["/home/runner/work/batteries/batteries/docs/doc/Batteries/Tactic/Case.html",
     "d188ecd449080040"],
    ["/home/runner/work/batteries/batteries/docs/doc/Batteries/Tactic/Congr.html",
     "23d23193ded7169d"],
    ["/home/runner/work/batteries/batteries/docs/doc/Batteries/Tactic/Exact.html",
     "7143ae3b9544b613"],
    ["/home/runner/work/batteries/batteries/docs/doc/Batteries/Tactic/GeneralizeProofs.html",
     "ae454678c4de4f94"],
    ["/home/runner/work/batteries/batteries/docs/doc/Batteries/Tactic/HelpCmd.html",
     "b09a1c5a6b1ff67c"],
    ["/home/runner/work/batteries/batteries/docs/doc/Batteries/Tactic/Instances.html",
     "25b456b0ea9228a5"],
    ["/home/runner/work/batteries/batteries/docs/doc/Batteries/Tactic/Lemma.html",
     "19b9578d17388a5a"],
    ["/home/runner/work/batteries/batteries/docs/doc/Batteries/Tactic/Lint/Simp.html",
     "3d0044ad59370ec7"],
    ["/home/runner/work/batteries/batteries/docs/doc/Batteries/Tactic/Lint/TypeClass.html",
     "90826ca4a662c97e"],
    ["/home/runner/work/batteries/batteries/docs/doc/Batteries/Tactic/Lint/Frontend.html",
     "ee9927cc4b6df859"],
    ["/home/runner/work/batteries/batteries/docs/doc/Batteries/Tactic/Lint.html",
     "25eb003e72223e9e"],
    ["/home/runner/work/batteries/batteries/docs/doc/Batteries/Tactic/NoMatch.html",
     "0860208207fba4ec"],
    ["/home/runner/work/batteries/batteries/docs/doc/Batteries/Tactic/PermuteGoals.html",
     "e3b2615f4d58e5b1"],
    ["/home/runner/work/batteries/batteries/docs/doc/Batteries/Tactic/PrintDependents.html",
     "6df4fff5118bf197"],
    ["/home/runner/work/batteries/batteries/docs/doc/Batteries/Tactic/PrintOpaques.html",
     "16ee2fe9f0f74867"],
    ["/home/runner/work/batteries/batteries/docs/doc/Batteries/Tactic/PrintPrefix.html",
     "04e5089ec75f5d71"],
    ["/home/runner/work/batteries/batteries/docs/doc/Batteries/Tactic/ShowUnused.html",
     "017435ad35ab734c"],
    ["/home/runner/work/batteries/batteries/docs/doc/Batteries/Tactic/SqueezeScope.html",
     "f52f56d228f66ee2"],
    ["/home/runner/work/batteries/batteries/docs/doc/Batteries/Tactic/Trans.html",
     "b3fc0bba0ecd08d3"],
    ["/home/runner/work/batteries/batteries/docs/doc/Batteries/Util/Cache.html",
     "9af53fd3a1f3298b"],
    ["/home/runner/work/batteries/batteries/docs/doc/Batteries/Util/ExtendedBinder.html",
     "ff9ca539b0f2c9ef"],
    ["/home/runner/work/batteries/batteries/docs/doc/Batteries/Util/Pickle.html",
     "b1d881f270515675"],
    ["/home/runner/work/batteries/batteries/docs/doc/Batteries/WF.html",
     "6301d356df36575a"],
    ["/home/runner/work/batteries/batteries/docs/doc/Batteries.html",
     "2f784bbc9cb6b17d"]]]],
 "depHash": "3efda2f4e977e5a9"}